Started GET "/" for ::1 at 2024-10-10 20:28:40 -0700
  [1m[35m (0.3ms)[0m  [1m[35mCREATE TABLE "schema_migrations" ("version" varchar NOT NULL PRIMARY KEY)[0m
  [1m[35m (0.1ms)[0m  [1m[35mCREATE TABLE "ar_internal_metadata" ("key" varchar NOT NULL PRIMARY KEY, "value" varchar, "created_at" datetime(6) NOT NULL, "updated_at" datetime(6) NOT NULL)[0m
  [1m[36mActiveRecord::SchemaMigration Load (0.1ms)[0m  [1m[34mSELECT "schema_migrations"."version" FROM "schema_migrations" ORDER BY "schema_migrations"."version" ASC[0m
Processing by Rails::WelcomeController#index as HTML
  Rendering /Users/erikjohnston/.rvm/gems/ruby-3.0.0/gems/railties-7.1.4/lib/rails/templates/rails/welcome/index.html.erb
  Rendered /Users/erikjohnston/.rvm/gems/ruby-3.0.0/gems/railties-7.1.4/lib/rails/templates/rails/welcome/index.html.erb (Duration: 0.3ms | Allocations: 527)
Completed 200 OK in 13ms (Views: 3.4ms | ActiveRecord: 0.0ms | Allocations: 9410)


Started GET "/" for ::1 at 2024-10-21 13:40:44 -0700
  [1m[36mActiveRecord::SchemaMigration Load (0.1ms)[0m  [1m[34mSELECT "schema_migrations"."version" FROM "schema_migrations" ORDER BY "schema_migrations"."version" ASC[0m
Processing by Rails::WelcomeController#index as HTML
  Rendering /Users/erikjohnston/.rvm/gems/ruby-3.0.0/gems/railties-7.1.4/lib/rails/templates/rails/welcome/index.html.erb
  Rendered /Users/erikjohnston/.rvm/gems/ruby-3.0.0/gems/railties-7.1.4/lib/rails/templates/rails/welcome/index.html.erb (Duration: 0.3ms | Allocations: 528)
Completed 200 OK in 6ms (Views: 2.0ms | ActiveRecord: 0.0ms | Allocations: 6576)


Started GET "/" for ::1 at 2024-10-21 13:51:04 -0700
  [1m[36mActiveRecord::SchemaMigration Load (0.1ms)[0m  [1m[34mSELECT "schema_migrations"."version" FROM "schema_migrations" ORDER BY "schema_migrations"."version" ASC[0m
Processing by PagesController#home as HTML
  Rendering layout layouts/application.html.erb
  Rendering pages/home.html.erb within layouts/application
  Rendered pages/home.html.erb within layouts/application (Duration: 0.1ms | Allocations: 166)
  Rendered layout layouts/application.html.erb (Duration: 688.8ms | Allocations: 100211)
Completed 200 OK in 695ms (Views: 690.9ms | ActiveRecord: 0.0ms | Allocations: 106369)


Started GET "/" for ::1 at 2024-10-21 15:24:48 -0700
  [1m[36mActiveRecord::SchemaMigration Load (0.1ms)[0m  [1m[34mSELECT "schema_migrations"."version" FROM "schema_migrations" ORDER BY "schema_migrations"."version" ASC[0m
Processing by PagesController#home as HTML
  Rendering layout layouts/application.html.erb
  Rendering pages/home.html.erb within layouts/application
  Rendered pages/home.html.erb within layouts/application (Duration: 0.2ms | Allocations: 293)
  Rendered layout layouts/application.html.erb (Duration: 606.3ms | Allocations: 92783)
Completed 200 OK in 629ms (Views: 620.7ms | ActiveRecord: 0.0ms | Allocations: 100494)


Started GET "/images/headshot.jpeg" for ::1 at 2024-10-21 15:24:49 -0700
  
ActionController::RoutingError (No route matches [GET] "/images/headshot.jpeg"):
  
Started GET "/images/kelowna.jpg" for ::1 at 2024-10-21 15:24:49 -0700
  
ActionController::RoutingError (No route matches [GET] "/images/kelowna.jpg"):
  
Started GET "/" for ::1 at 2024-10-21 15:26:12 -0700
Processing by PagesController#home as HTML
  Rendering layout layouts/application.html.erb
  Rendering pages/home.html.erb within layouts/application
  Rendered pages/home.html.erb within layouts/application (Duration: 0.0ms | Allocations: 7)
  Rendered layout layouts/application.html.erb (Duration: 20.0ms | Allocations: 6852)
Completed 500 Internal Server Error in 21ms (ActiveRecord: 0.0ms | Allocations: 7102)


  
LoadError (cannot load such file -- sassc):
  
app/views/layouts/application.html.erb:9
Started GET "/" for ::1 at 2024-10-21 15:26:46 -0700
Processing by PagesController#home as HTML
  Rendering layout layouts/application.html.erb
  Rendering pages/home.html.erb within layouts/application
  Rendered pages/home.html.erb within layouts/application (Duration: 0.1ms | Allocations: 7)
  Rendered layout layouts/application.html.erb (Duration: 18.0ms | Allocations: 6684)
Completed 500 Internal Server Error in 19ms (ActiveRecord: 0.0ms | Allocations: 6909)


  
LoadError (cannot load such file -- sassc):
  
app/views/layouts/application.html.erb:9
Started GET "/" for ::1 at 2024-10-21 15:28:21 -0700
Processing by PagesController#home as HTML
  Rendering layout layouts/application.html.erb
  Rendering pages/home.html.erb within layouts/application
  Rendered pages/home.html.erb within layouts/application (Duration: 0.2ms | Allocations: 7)
  Rendered layout layouts/application.html.erb (Duration: 17.5ms | Allocations: 5462)
Completed 500 Internal Server Error in 21ms (ActiveRecord: 0.0ms | Allocations: 5687)


  
LoadError (cannot load such file -- sassc):
  
app/views/layouts/application.html.erb:9
Started GET "/" for ::1 at 2024-10-21 15:28:44 -0700
Processing by PagesController#home as HTML
  Rendering layout layouts/application.html.erb
  Rendering pages/home.html.erb within layouts/application
  Rendered pages/home.html.erb within layouts/application (Duration: 0.1ms | Allocations: 7)
  Rendered layout layouts/application.html.erb (Duration: 7.0ms | Allocations: 2137)
Completed 500 Internal Server Error in 8ms (ActiveRecord: 0.0ms | Allocations: 2362)


  
LoadError (cannot load such file -- sassc):
  
app/views/layouts/application.html.erb:9
Started GET "/" for ::1 at 2024-10-21 15:28:53 -0700
Processing by PagesController#home as HTML
  Rendering layout layouts/application.html.erb
  Rendering pages/home.html.erb within layouts/application
  Rendered pages/home.html.erb within layouts/application (Duration: 0.1ms | Allocations: 7)
  Rendered layout layouts/application.html.erb (Duration: 5.4ms | Allocations: 1329)
Completed 200 OK in 7ms (Views: 6.2ms | ActiveRecord: 0.0ms | Allocations: 1571)


Started GET "/images/headshot.jpeg" for ::1 at 2024-10-21 15:28:53 -0700
Started GET "/images/kelowna.jpg" for ::1 at 2024-10-21 15:28:53 -0700
  
ActionController::RoutingError (No route matches [GET] "/images/headshot.jpeg"):
  
  
ActionController::RoutingError (No route matches [GET] "/images/kelowna.jpg"):
  
Started GET "/" for ::1 at 2024-10-21 15:31:42 -0700
  [1m[36mActiveRecord::SchemaMigration Load (0.1ms)[0m  [1m[34mSELECT "schema_migrations"."version" FROM "schema_migrations" ORDER BY "schema_migrations"."version" ASC[0m
Processing by PagesController#home as HTML
  Rendering layout layouts/application.html.erb
  Rendering pages/home.html.erb within layouts/application
  Rendered pages/home.html.erb within layouts/application (Duration: 0.2ms | Allocations: 294)
  Rendered layout layouts/application.html.erb (Duration: 49.3ms | Allocations: 41542)
Completed 200 OK in 57ms (Views: 51.1ms | ActiveRecord: 0.0ms | Allocations: 45632)


Started GET "/images/headshot.jpeg" for ::1 at 2024-10-21 15:31:42 -0700
  
ActionController::RoutingError (No route matches [GET] "/images/headshot.jpeg"):
  
Started GET "/images/kelowna.jpg" for ::1 at 2024-10-21 15:31:42 -0700
  
ActionController::RoutingError (No route matches [GET] "/images/kelowna.jpg"):
  
Started GET "/" for ::1 at 2024-10-21 15:32:11 -0700
Processing by PagesController#home as HTML
  Rendering layout layouts/application.html.erb
  Rendering pages/home.html.erb within layouts/application
  Rendered pages/home.html.erb within layouts/application (Duration: 0.1ms | Allocations: 7)
  Rendered layout layouts/application.html.erb (Duration: 26.6ms | Allocations: 6264)
Completed 500 Internal Server Error in 28ms (ActiveRecord: 0.0ms | Allocations: 6529)


  
ActionView::Template::Error (Error: File to import not found or unreadable: ../_variables.
        on line 1:1 of app/assets/stylesheets/home.scss
>> @import '../_variables';

   ^
):
     6:     <%= csrf_meta_tags %>
     7:     <%= csp_meta_tag %>
     8: 
     9:     <%= stylesheet_link_tag "application", "data-turbo-track": "reload" %>
    10:     <%= javascript_importmap_tags %>
    11:   </head>
    12: 
  
app/views/layouts/application.html.erb:9
Started GET "/" for ::1 at 2024-10-21 15:32:45 -0700
Processing by PagesController#home as HTML
  Rendering layout layouts/application.html.erb
  Rendering pages/home.html.erb within layouts/application
  Rendered pages/home.html.erb within layouts/application (Duration: 0.1ms | Allocations: 7)
  Rendered layout layouts/application.html.erb (Duration: 36.5ms | Allocations: 5706)
Completed 200 OK in 38ms (Views: 37.3ms | ActiveRecord: 0.0ms | Allocations: 5944)


Started GET "/images/kelowna.jpg" for ::1 at 2024-10-21 15:32:45 -0700
Started GET "/images/headshot.jpeg" for ::1 at 2024-10-21 15:32:45 -0700
  
ActionController::RoutingError (No route matches [GET] "/images/kelowna.jpg"):
  
  
ActionController::RoutingError (No route matches [GET] "/images/headshot.jpeg"):
  
Started GET "/" for ::1 at 2024-10-21 15:33:19 -0700
Processing by PagesController#home as HTML
  Rendering layout layouts/application.html.erb
  Rendering pages/home.html.erb within layouts/application
  Rendered pages/home.html.erb within layouts/application (Duration: 0.2ms | Allocations: 202)
  Rendered layout layouts/application.html.erb (Duration: 19.4ms | Allocations: 19222)
Completed 200 OK in 21ms (Views: 20.1ms | ActiveRecord: 0.0ms | Allocations: 20118)


Started GET "/images/kelowna.jpg" for ::1 at 2024-10-21 15:33:19 -0700
  
ActionController::RoutingError (No route matches [GET] "/images/kelowna.jpg"):
  
Started GET "/images/headshot.jpeg" for ::1 at 2024-10-21 15:33:19 -0700
  
ActionController::RoutingError (No route matches [GET] "/images/headshot.jpeg"):
  
Started GET "/" for ::1 at 2024-10-21 15:33:20 -0700
Processing by PagesController#home as HTML
  Rendering layout layouts/application.html.erb
  Rendering pages/home.html.erb within layouts/application
  Rendered pages/home.html.erb within layouts/application (Duration: 0.1ms | Allocations: 7)
  Rendered layout layouts/application.html.erb (Duration: 4.3ms | Allocations: 1497)
Completed 200 OK in 6ms (Views: 5.1ms | ActiveRecord: 0.0ms | Allocations: 1734)


Started GET "/images/headshot.jpeg" for ::1 at 2024-10-21 15:33:20 -0700
Started GET "/images/kelowna.jpg" for ::1 at 2024-10-21 15:33:20 -0700
  
ActionController::RoutingError (No route matches [GET] "/images/headshot.jpeg"):
  
  
ActionController::RoutingError (No route matches [GET] "/images/kelowna.jpg"):
  
Started GET "/" for ::1 at 2024-10-21 15:35:21 -0700
Processing by PagesController#home as HTML
  Rendering layout layouts/application.html.erb
  Rendering pages/home.html.erb within layouts/application
  Rendered pages/home.html.erb within layouts/application (Duration: 0.1ms | Allocations: 7)
  Rendered layout layouts/application.html.erb (Duration: 14.4ms | Allocations: 2884)
Completed 200 OK in 16ms (Views: 15.2ms | ActiveRecord: 0.0ms | Allocations: 3121)


Started GET "/images/headshot.jpeg" for ::1 at 2024-10-21 15:35:21 -0700
Started GET "/images/kelowna.jpg" for ::1 at 2024-10-21 15:35:21 -0700
  
ActionController::RoutingError (No route matches [GET] "/images/kelowna.jpg"):
  
  
ActionController::RoutingError (No route matches [GET] "/images/headshot.jpeg"):
  
Started GET "/" for ::1 at 2024-10-21 15:35:44 -0700
Processing by PagesController#home as HTML
  Rendering layout layouts/application.html.erb
  Rendering pages/home.html.erb within layouts/application
  Rendered pages/home.html.erb within layouts/application (Duration: 0.3ms | Allocations: 1169)
  Rendered layout layouts/application.html.erb (Duration: 0.4ms | Allocations: 1261)
Completed 500 Internal Server Error in 2ms (ActiveRecord: 0.0ms | Allocations: 2144)


  
ActionView::Template::Error (undefined method `stylesheet_pack_tag' for #<ActionView::Base:0x00000000012ef8>):
    1: <%= stylesheet_pack_tag 'home/home', media: 'all', 'data-turbolinks-track': 'reload' %>
    2: <div class="root">
    3: 			<section class="introduction">
    4: 				<div class="introductionContent">
  
app/views/pages/home.html.erb:1
Started GET "/" for ::1 at 2024-10-21 15:36:13 -0700
Processing by PagesController#home as HTML
  Rendering layout layouts/application.html.erb
  Rendering pages/home.html.erb within layouts/application
  Rendered pages/home.html.erb within layouts/application (Duration: 0.8ms | Allocations: 2023)
  Rendered layout layouts/application.html.erb (Duration: 0.9ms | Allocations: 2115)
Completed 500 Internal Server Error in 2ms (ActiveRecord: 0.0ms | Allocations: 2998)


  
ActionView::Template::Error (The asset "home/home.css" is not present in the asset pipeline.
):
    1: <%= stylesheet_link_tag "home/home", "data-turbo-track": "reload" %>
    2: <div class="root">
    3: 			<section class="introduction">
    4: 				<div class="introductionContent">
  
app/views/pages/home.html.erb:1
Started GET "/" for ::1 at 2024-10-21 15:36:28 -0700
Processing by PagesController#home as HTML
  Rendering layout layouts/application.html.erb
  Rendering pages/home.html.erb within layouts/application
  Rendered pages/home.html.erb within layouts/application (Duration: 11.9ms | Allocations: 21597)
  Rendered layout layouts/application.html.erb (Duration: 12.0ms | Allocations: 21689)
Completed 500 Internal Server Error in 13ms (ActiveRecord: 0.0ms | Allocations: 22572)


  
ActionView::Template::Error (Asset `home/home.css` was not declared to be precompiled in production.
Declare links to your assets in `app/assets/config/manifest.js`.

  //= link home/home.css

and restart your server):
    1: <%= stylesheet_link_tag "home/home", "data-turbo-track": "reload" %>
    2: <div class="root">
    3: 			<section class="introduction">
    4: 				<div class="introductionContent">
  
app/views/pages/home.html.erb:1
Started GET "/" for ::1 at 2024-10-21 15:36:43 -0700
Processing by PagesController#home as HTML
  Rendering layout layouts/application.html.erb
  Rendering pages/home.html.erb within layouts/application
  Rendered pages/home.html.erb within layouts/application (Duration: 2.4ms | Allocations: 3493)
  Rendered layout layouts/application.html.erb (Duration: 2.5ms | Allocations: 3588)
Completed 500 Internal Server Error in 4ms (ActiveRecord: 0.0ms | Allocations: 4481)


  
ActionView::Template::Error (Error: File to import not found or unreadable: ../_variables.
        on line 1:1 of app/assets/stylesheets/home.scss
>> @import '../_variables';

   ^
):
    1: <%= stylesheet_link_tag "home", "data-turbo-track": "reload" %>
    2: <div class="root">
    3: 			<section class="introduction">
    4: 				<div class="introductionContent">
  
app/views/pages/home.html.erb:1
Started GET "/" for ::1 at 2024-10-21 15:36:53 -0700
Processing by PagesController#home as HTML
  Rendering layout layouts/application.html.erb
  Rendering pages/home.html.erb within layouts/application
  Rendered pages/home.html.erb within layouts/application (Duration: 53.2ms | Allocations: 21442)
  Rendered layout layouts/application.html.erb (Duration: 62.7ms | Allocations: 35771)
Completed 200 OK in 64ms (Views: 63.3ms | ActiveRecord: 0.0ms | Allocations: 36019)


Started GET "/images/headshot.jpeg" for ::1 at 2024-10-21 15:36:53 -0700
  
ActionController::RoutingError (No route matches [GET] "/images/headshot.jpeg"):
  
Started GET "/images/kelowna.jpg" for ::1 at 2024-10-21 15:36:53 -0700
  
ActionController::RoutingError (No route matches [GET] "/images/kelowna.jpg"):
  
Started GET "/" for ::1 at 2024-10-21 15:39:07 -0700
Processing by PagesController#home as HTML
  Rendering layout layouts/application.html.erb
  Rendering pages/home.html.erb within layouts/application
  Rendered pages/home.html.erb within layouts/application (Duration: 1.0ms | Allocations: 1026)
  Rendered layout layouts/application.html.erb (Duration: 7.3ms | Allocations: 15339)
Completed 200 OK in 9ms (Views: 7.9ms | ActiveRecord: 0.0ms | Allocations: 16231)


Started GET "/images/headshot.jpeg" for ::1 at 2024-10-21 15:39:07 -0700
  
ActionController::RoutingError (No route matches [GET] "/images/headshot.jpeg"):
  
Started GET "/images/kelowna.jpg" for ::1 at 2024-10-21 15:39:08 -0700
  
ActionController::RoutingError (No route matches [GET] "/images/kelowna.jpg"):
  
Started GET "/" for ::1 at 2024-10-21 15:39:43 -0700
Processing by PagesController#home as HTML
  Rendering layout layouts/application.html.erb
  Rendering pages/home.html.erb within layouts/application
  Rendered pages/home.html.erb within layouts/application (Duration: 3.2ms | Allocations: 765)
  Rendered layout layouts/application.html.erb (Duration: 12.4ms | Allocations: 3449)
Completed 500 Internal Server Error in 14ms (ActiveRecord: 0.0ms | Allocations: 3696)


  
ActionView::Template::Error (Error: Undefined variable: "$richBlack".
        on line 20:24 of app/assets/stylesheets/application.scss
>>      background-color: $richBlack;

   -----------------------^
):
     6:     <%= csrf_meta_tags %>
     7:     <%= csp_meta_tag %>
     8: 
     9:     <%= stylesheet_link_tag "application", "data-turbo-track": "reload" %>
    10:     <%= javascript_importmap_tags %>
    11:     <link rel="preconnect" href="https://fonts.googleapis.com" />
    12:     <link rel="preconnect" href="https://fonts.gstatic.com" />
  
app/views/layouts/application.html.erb:9
Started GET "/" for ::1 at 2024-10-21 15:40:19 -0700
Processing by PagesController#home as HTML
  Rendering layout layouts/application.html.erb
  Rendering pages/home.html.erb within layouts/application
  Rendered pages/home.html.erb within layouts/application (Duration: 2.9ms | Allocations: 773)
  Rendered layout layouts/application.html.erb (Duration: 11.7ms | Allocations: 3581)
Completed 500 Internal Server Error in 13ms (ActiveRecord: 0.0ms | Allocations: 3818)


  
ActionView::Template::Error (Error: File to import not found or unreadable: styles/basscss.min.scss.
        on line 1:1 of app/assets/stylesheets/globals.scss
        from line 15:1 of app/assets/stylesheets/application.scss
>> @import 'styles/basscss.min.scss';

   ^
):
     6:     <%= csrf_meta_tags %>
     7:     <%= csp_meta_tag %>
     8: 
     9:     <%= stylesheet_link_tag "application", "data-turbo-track": "reload" %>
    10:     <%= javascript_importmap_tags %>
    11:     <link rel="preconnect" href="https://fonts.googleapis.com" />
    12:     <link rel="preconnect" href="https://fonts.gstatic.com" />
  
app/views/layouts/application.html.erb:9
Started GET "/" for ::1 at 2024-10-21 15:40:37 -0700
Processing by PagesController#home as HTML
  Rendering layout layouts/application.html.erb
  Rendering pages/home.html.erb within layouts/application
  Rendered pages/home.html.erb within layouts/application (Duration: 2.6ms | Allocations: 773)
  Rendered layout layouts/application.html.erb (Duration: 66.0ms | Allocations: 7219)
Completed 200 OK in 68ms (Views: 66.6ms | ActiveRecord: 0.0ms | Allocations: 7456)


Started GET "/images/kelowna.jpg" for ::1 at 2024-10-21 15:40:37 -0700
  
ActionController::RoutingError (No route matches [GET] "/images/kelowna.jpg"):
  
Started GET "/images/headshot.jpeg" for ::1 at 2024-10-21 15:40:37 -0700
  
ActionController::RoutingError (No route matches [GET] "/images/headshot.jpeg"):
  
Started GET "/" for ::1 at 2024-10-21 15:40:56 -0700
Processing by PagesController#home as HTML
  Rendering layout layouts/application.html.erb
  Rendering pages/home.html.erb within layouts/application
  Rendered pages/home.html.erb within layouts/application (Duration: 2.9ms | Allocations: 767)
  Rendered layout layouts/application.html.erb (Duration: 67.7ms | Allocations: 7639)
Completed 200 OK in 69ms (Views: 68.4ms | ActiveRecord: 0.0ms | Allocations: 7876)


Started GET "/images/headshot.jpeg" for ::1 at 2024-10-21 15:40:56 -0700
  
ActionController::RoutingError (No route matches [GET] "/images/headshot.jpeg"):
  
Started GET "/images/kelowna.jpg" for ::1 at 2024-10-21 15:40:56 -0700
  
ActionController::RoutingError (No route matches [GET] "/images/kelowna.jpg"):
  
Started GET "/" for ::1 at 2024-10-21 15:42:09 -0700
Processing by PagesController#home as HTML
  Rendering layout layouts/application.html.erb
  Rendering pages/home.html.erb within layouts/application
  Rendered pages/home.html.erb within layouts/application (Duration: 55.4ms | Allocations: 2812)
  Rendered layout layouts/application.html.erb (Duration: 108.2ms | Allocations: 9661)
Completed 200 OK in 115ms (Views: 114.1ms | ActiveRecord: 0.0ms | Allocations: 9899)


Started GET "/images/kelowna.jpg" for ::1 at 2024-10-21 15:42:09 -0700
  
ActionController::RoutingError (No route matches [GET] "/images/kelowna.jpg"):
  
Started GET "/images/headshot.jpeg" for ::1 at 2024-10-21 15:42:09 -0700
  
ActionController::RoutingError (No route matches [GET] "/images/headshot.jpeg"):
  
Started GET "/" for ::1 at 2024-10-21 15:42:33 -0700
Processing by PagesController#home as HTML
  Rendering layout layouts/application.html.erb
  Rendering pages/home.html.erb within layouts/application
  Rendered pages/home.html.erb within layouts/application (Duration: 34.4ms | Allocations: 2744)
  Rendered layout layouts/application.html.erb (Duration: 36.3ms | Allocations: 3929)
Completed 200 OK in 38ms (Views: 36.9ms | ActiveRecord: 0.0ms | Allocations: 4167)


Started GET "/images/kelowna.jpg" for ::1 at 2024-10-21 15:42:33 -0700
Started GET "/images/headshot.jpeg" for ::1 at 2024-10-21 15:42:33 -0700
  
ActionController::RoutingError (No route matches [GET] "/images/kelowna.jpg"):
  
  
ActionController::RoutingError (No route matches [GET] "/images/headshot.jpeg"):
  
Started GET "/" for ::1 at 2024-10-21 15:43:24 -0700
Processing by PagesController#home as HTML
  Rendering layout layouts/application.html.erb
  Rendering pages/home.html.erb within layouts/application
  Rendered pages/home.html.erb within layouts/application (Duration: 21.4ms | Allocations: 23204)
  Rendered layout layouts/application.html.erb (Duration: 27.2ms | Allocations: 37576)
Completed 200 OK in 29ms (Views: 28.2ms | ActiveRecord: 0.0ms | Allocations: 38473)


Started GET "/images/kelowna.jpg" for ::1 at 2024-10-21 15:43:24 -0700
  
ActionController::RoutingError (No route matches [GET] "/images/kelowna.jpg"):
  
Started GET "/" for ::1 at 2024-10-21 15:43:35 -0700
Processing by PagesController#home as HTML
  Rendering layout layouts/application.html.erb
  Rendering pages/home.html.erb within layouts/application
  Rendered pages/home.html.erb within layouts/application (Duration: 2.3ms | Allocations: 1880)
  Rendered layout layouts/application.html.erb (Duration: 6.6ms | Allocations: 16302)
Completed 200 OK in 8ms (Views: 7.2ms | ActiveRecord: 0.0ms | Allocations: 17194)


Started GET "/" for ::1 at 2024-10-21 15:43:55 -0700
Processing by PagesController#home as HTML
  Rendering layout layouts/application.html.erb
  Rendering pages/home.html.erb within layouts/application
  Rendered pages/home.html.erb within layouts/application (Duration: 4.0ms | Allocations: 1585)
  Rendered layout layouts/application.html.erb (Duration: 65.3ms | Allocations: 8604)
Completed 200 OK in 67ms (Views: 65.8ms | ActiveRecord: 0.0ms | Allocations: 8842)


Started GET "/" for ::1 at 2024-10-21 15:44:04 -0700
Processing by PagesController#home as HTML
  Rendering layout layouts/application.html.erb
  Rendering pages/home.html.erb within layouts/application
  Rendered pages/home.html.erb within layouts/application (Duration: 3.8ms | Allocations: 1584)
  Rendered layout layouts/application.html.erb (Duration: 7.1ms | Allocations: 2773)
Completed 200 OK in 9ms (Views: 7.8ms | ActiveRecord: 0.0ms | Allocations: 3011)


Started GET "/" for ::1 at 2024-10-21 15:44:10 -0700
Processing by PagesController#home as HTML
  Rendering layout layouts/application.html.erb
  Rendering pages/home.html.erb within layouts/application
  Rendered pages/home.html.erb within layouts/application (Duration: 3.5ms | Allocations: 1572)
  Rendered layout layouts/application.html.erb (Duration: 69.7ms | Allocations: 8674)
Completed 200 OK in 72ms (Views: 70.3ms | ActiveRecord: 0.0ms | Allocations: 8912)


Started GET "/" for ::1 at 2024-10-21 15:55:12 -0700
Processing by PagesController#home as HTML
  Rendering layout layouts/application.html.erb
  Rendering pages/home.html.erb within layouts/application
  Rendered pages/home.html.erb within layouts/application (Duration: 32.4ms | Allocations: 3556)
  Rendered layout layouts/application.html.erb (Duration: 34.9ms | Allocations: 4697)
Completed 200 OK in 37ms (Views: 36.1ms | ActiveRecord: 0.0ms | Allocations: 4935)


Started GET "/" for ::1 at 2024-10-21 15:55:23 -0700
Processing by PagesController#home as HTML
  Rendering layout layouts/application.html.erb
  Rendering pages/home.html.erb within layouts/application
  Rendered pages/home.html.erb within layouts/application (Duration: 34.8ms | Allocations: 3540)
  Rendered layout layouts/application.html.erb (Duration: 36.5ms | Allocations: 4669)
Completed 200 OK in 38ms (Views: 37.3ms | ActiveRecord: 0.0ms | Allocations: 4907)


Started GET "/" for ::1 at 2024-10-21 16:11:56 -0700
Processing by PagesController#home as HTML
  Rendering layout layouts/application.html.erb
  Rendering pages/home.html.erb within layouts/application
  Rendered pages/home.html.erb within layouts/application (Duration: 1.7ms | Allocations: 1885)
  Rendered layout layouts/application.html.erb (Duration: 8.2ms | Allocations: 16352)
Completed 200 OK in 9ms (Views: 8.8ms | ActiveRecord: 0.0ms | Allocations: 17249)


Started GET "/" for ::1 at 2024-10-21 16:12:45 -0700
Processing by PagesController#home as HTML
  Rendering layout layouts/application.html.erb
  Rendering pages/home.html.erb within layouts/application
  Rendered pages/home.html.erb within layouts/application (Duration: 5.0ms | Allocations: 1572)
  Rendered layout layouts/application.html.erb (Duration: 67.0ms | Allocations: 8680)
Completed 200 OK in 69ms (Views: 67.6ms | ActiveRecord: 0.0ms | Allocations: 8918)


Started GET "/" for ::1 at 2024-10-21 16:13:18 -0700
Processing by PagesController#home as HTML
  Rendering layout layouts/application.html.erb
  Rendering pages/home.html.erb within layouts/application
  Rendered pages/home.html.erb within layouts/application (Duration: 5.9ms | Allocations: 1572)
  Rendered layout layouts/application.html.erb (Duration: 69.8ms | Allocations: 8663)
Completed 200 OK in 71ms (Views: 70.6ms | ActiveRecord: 0.0ms | Allocations: 8901)


Started GET "/" for ::1 at 2024-10-21 16:13:55 -0700
Processing by PagesController#home as HTML
  Rendering layout layouts/application.html.erb
  Rendering pages/home.html.erb within layouts/application
  Rendered pages/home.html.erb within layouts/application (Duration: 1.6ms | Allocations: 1865)
  Rendered layout layouts/application.html.erb (Duration: 11.8ms | Allocations: 16180)
Completed 200 OK in 13ms (Views: 12.5ms | ActiveRecord: 0.0ms | Allocations: 17074)


Started GET "/" for ::1 at 2024-10-21 16:14:01 -0700
Processing by PagesController#home as HTML
  Rendering layout layouts/application.html.erb
  Rendering pages/home.html.erb within layouts/application
  Rendered pages/home.html.erb within layouts/application (Duration: 7.9ms | Allocations: 1577)
  Rendered layout layouts/application.html.erb (Duration: 11.2ms | Allocations: 2775)
Completed 200 OK in 13ms (Views: 12.3ms | ActiveRecord: 0.0ms | Allocations: 3013)


Started GET "/sass.html" for ::1 at 2024-10-21 16:14:09 -0700
  
ActionController::RoutingError (No route matches [GET] "/sass.html"):
  
Started GET "/" for ::1 at 2024-10-21 16:14:52 -0700
Processing by PagesController#home as HTML
  Rendering layout layouts/application.html.erb
  Rendering pages/home.html.erb within layouts/application
  Rendered pages/home.html.erb within layouts/application (Duration: 2.7ms | Allocations: 1878)
  Rendered layout layouts/application.html.erb (Duration: 46.6ms | Allocations: 22331)
Completed 200 OK in 48ms (Views: 47.3ms | ActiveRecord: 0.0ms | Allocations: 23225)


Started GET "/" for ::1 at 2024-10-21 16:15:00 -0700
Processing by PagesController#home as HTML
  Rendering layout layouts/application.html.erb
  Rendering pages/home.html.erb within layouts/application
  Rendered pages/home.html.erb within layouts/application (Duration: 5.9ms | Allocations: 1576)
  Rendered layout layouts/application.html.erb (Duration: 69.9ms | Allocations: 8693)
Completed 200 OK in 71ms (Views: 70.6ms | ActiveRecord: 0.0ms | Allocations: 8931)


Started GET "/" for ::1 at 2024-10-21 16:15:10 -0700
Processing by PagesController#home as HTML
  Rendering layout layouts/application.html.erb
  Rendering pages/home.html.erb within layouts/application
  Rendered pages/home.html.erb within layouts/application (Duration: 3.4ms | Allocations: 1572)
  Rendered layout layouts/application.html.erb (Duration: 7.1ms | Allocations: 2770)
Completed 200 OK in 8ms (Views: 7.8ms | ActiveRecord: 0.0ms | Allocations: 3008)


Started GET "/" for ::1 at 2024-10-21 16:15:22 -0700
Processing by PagesController#home as HTML
  Rendering layout layouts/application.html.erb
  Rendering pages/home.html.erb within layouts/application
  Rendered pages/home.html.erb within layouts/application (Duration: 3.6ms | Allocations: 1572)
  Rendered layout layouts/application.html.erb (Duration: 69.9ms | Allocations: 8671)
Completed 200 OK in 72ms (Views: 70.7ms | ActiveRecord: 0.0ms | Allocations: 8909)


Started GET "/" for ::1 at 2024-10-21 16:15:40 -0700
Processing by PagesController#home as HTML
  Rendering layout layouts/application.html.erb
  Rendering pages/home.html.erb within layouts/application
  Rendered pages/home.html.erb within layouts/application (Duration: 3.7ms | Allocations: 1572)
  Rendered layout layouts/application.html.erb (Duration: 7.6ms | Allocations: 2775)
Completed 200 OK in 9ms (Views: 8.4ms | ActiveRecord: 0.0ms | Allocations: 3013)


Started GET "/" for ::1 at 2024-10-21 16:16:11 -0700
  [1m[36mActiveRecord::SchemaMigration Load (0.1ms)[0m  [1m[34mSELECT "schema_migrations"."version" FROM "schema_migrations" ORDER BY "schema_migrations"."version" ASC[0m
Processing by PagesController#home as HTML
  Rendering layout layouts/application.html.erb
  Rendering pages/home.html.erb within layouts/application
  Rendered pages/home.html.erb within layouts/application (Duration: 45.3ms | Allocations: 28887)
  Rendered layout layouts/application.html.erb (Duration: 53.0ms | Allocations: 44619)
Completed 200 OK in 58ms (Views: 54.5ms | ActiveRecord: 0.0ms | Allocations: 48709)


Started GET "/" for ::1 at 2024-10-21 16:16:36 -0700
Processing by PagesController#home as HTML
  Rendering layout layouts/application.html.erb
  Rendering pages/home.html.erb within layouts/application
  Rendered pages/home.html.erb within layouts/application (Duration: 1.6ms | Allocations: 1865)
  Rendered layout layouts/application.html.erb (Duration: 8.8ms | Allocations: 16191)
Completed 200 OK in 10ms (Views: 9.4ms | ActiveRecord: 0.0ms | Allocations: 17090)


Started GET "/" for ::1 at 2024-10-21 16:16:44 -0700
Processing by PagesController#home as HTML
  Rendering layout layouts/application.html.erb
  Rendering pages/home.html.erb within layouts/application
  Rendered pages/home.html.erb within layouts/application (Duration: 1.2ms | Allocations: 1880)
  Rendered layout layouts/application.html.erb (Duration: 5.5ms | Allocations: 16223)
Completed 200 OK in 7ms (Views: 6.2ms | ActiveRecord: 0.0ms | Allocations: 17122)


Started GET "/" for ::1 at 2024-10-21 16:16:57 -0700
Processing by PagesController#home as HTML
  Rendering layout layouts/application.html.erb
  Rendering pages/home.html.erb within layouts/application
  Rendered pages/home.html.erb within layouts/application (Duration: 3.4ms | Allocations: 1572)
  Rendered layout layouts/application.html.erb (Duration: 67.6ms | Allocations: 8912)
Completed 200 OK in 69ms (Views: 68.3ms | ActiveRecord: 0.0ms | Allocations: 9155)


Started GET "/" for ::1 at 2024-10-21 16:17:12 -0700
Processing by PagesController#home as HTML
  Rendering layout layouts/application.html.erb
  Rendering pages/home.html.erb within layouts/application
  Rendered pages/home.html.erb within layouts/application (Duration: 2.7ms | Allocations: 1572)
  Rendered layout layouts/application.html.erb (Duration: 5.6ms | Allocations: 2776)
Completed 200 OK in 7ms (Views: 6.1ms | ActiveRecord: 0.0ms | Allocations: 3014)


Started GET "/" for ::1 at 2024-10-21 16:17:36 -0700
Processing by PagesController#home as HTML
  Rendering layout layouts/application.html.erb
  Rendering pages/home.html.erb within layouts/application
  Rendered pages/home.html.erb within layouts/application (Duration: 1.6ms | Allocations: 1897)
  Rendered layout layouts/application.html.erb (Duration: 8.9ms | Allocations: 16350)
Completed 200 OK in 10ms (Views: 9.5ms | ActiveRecord: 0.0ms | Allocations: 17248)


Started GET "/" for ::1 at 2024-10-21 16:19:02 -0700
Processing by PagesController#home as HTML
  Rendering layout layouts/application.html.erb
  Rendering pages/home.html.erb within layouts/application
  Rendered pages/home.html.erb within layouts/application (Duration: 2.0ms | Allocations: 1865)
  Rendered layout layouts/application.html.erb (Duration: 270.7ms | Allocations: 42543)
Completed 200 OK in 272ms (Views: 271.4ms | ActiveRecord: 0.0ms | Allocations: 43436)


Started GET "/" for ::1 at 2024-10-21 16:19:06 -0700
Processing by PagesController#home as HTML
  Rendering layout layouts/application.html.erb
  Rendering pages/home.html.erb within layouts/application
  Rendered pages/home.html.erb within layouts/application (Duration: 2.8ms | Allocations: 1579)
  Rendered layout layouts/application.html.erb (Duration: 7.2ms | Allocations: 4397)
Completed 200 OK in 9ms (Views: 8.0ms | ActiveRecord: 0.0ms | Allocations: 4635)


Started GET "/" for ::1 at 2024-10-21 16:19:32 -0700
Processing by PagesController#home as HTML
  Rendering layout layouts/application.html.erb
  Rendering pages/home.html.erb within layouts/application
  Rendered pages/home.html.erb within layouts/application (Duration: 5.9ms | Allocations: 1572)
  Rendered layout layouts/application.html.erb (Duration: 10.4ms | Allocations: 4402)
Completed 200 OK in 12ms (Views: 11.1ms | ActiveRecord: 0.0ms | Allocations: 4641)


Started GET "/" for ::1 at 2024-10-21 16:19:42 -0700
Processing by PagesController#home as HTML
  Rendering layout layouts/application.html.erb
  Rendering pages/home.html.erb within layouts/application
  Rendered pages/home.html.erb within layouts/application (Duration: 7.3ms | Allocations: 1572)
  Rendered layout layouts/application.html.erb (Duration: 12.2ms | Allocations: 4402)
Completed 200 OK in 14ms (Views: 12.9ms | ActiveRecord: 0.0ms | Allocations: 4642)


Started GET "/" for ::1 at 2024-10-21 16:20:07 -0700
Processing by PagesController#home as HTML
  Rendering layout layouts/application.html.erb
  Rendering pages/home.html.erb within layouts/application
  Rendered pages/home.html.erb within layouts/application (Duration: 10.9ms | Allocations: 1600)
  Rendered layout layouts/application.html.erb (Duration: 15.1ms | Allocations: 4466)
Completed 200 OK in 17ms (Views: 16.1ms | ActiveRecord: 0.0ms | Allocations: 4705)


Started GET "/" for ::1 at 2024-10-21 16:20:18 -0700
  [1m[36mActiveRecord::SchemaMigration Load (0.0ms)[0m  [1m[34mSELECT "schema_migrations"."version" FROM "schema_migrations" ORDER BY "schema_migrations"."version" ASC[0m
Processing by PagesController#home as HTML
  Rendering layout layouts/application.html.erb
  Rendering pages/home.html.erb within layouts/application
  Rendered pages/home.html.erb within layouts/application (Duration: 50.5ms | Allocations: 30965)
  Rendered layout layouts/application.html.erb (Duration: 59.1ms | Allocations: 48367)
Completed 200 OK in 64ms (Views: 60.7ms | ActiveRecord: 0.0ms | Allocations: 52458)


Started GET "/" for ::1 at 2024-10-21 16:20:19 -0700
Processing by PagesController#home as HTML
  Rendering layout layouts/application.html.erb
  Rendering pages/home.html.erb within layouts/application
  Rendered pages/home.html.erb within layouts/application (Duration: 3.4ms | Allocations: 1576)
  Rendered layout layouts/application.html.erb (Duration: 8.1ms | Allocations: 4396)
Completed 200 OK in 10ms (Views: 8.9ms | ActiveRecord: 0.0ms | Allocations: 4639)


Started GET "/" for ::1 at 2024-10-21 16:20:20 -0700
Processing by PagesController#home as HTML
  Rendering layout layouts/application.html.erb
  Rendering pages/home.html.erb within layouts/application
  Rendered pages/home.html.erb within layouts/application (Duration: 3.0ms | Allocations: 1572)
  Rendered layout layouts/application.html.erb (Duration: 7.5ms | Allocations: 4390)
Completed 200 OK in 9ms (Views: 8.3ms | ActiveRecord: 0.0ms | Allocations: 4632)


Started GET "/" for ::1 at 2024-10-21 16:20:20 -0700
Processing by PagesController#home as HTML
  Rendering layout layouts/application.html.erb
  Rendering pages/home.html.erb within layouts/application
  Rendered pages/home.html.erb within layouts/application (Duration: 4.0ms | Allocations: 1572)
  Rendered layout layouts/application.html.erb (Duration: 7.4ms | Allocations: 4384)
Completed 200 OK in 9ms (Views: 8.0ms | ActiveRecord: 0.0ms | Allocations: 4622)


Started GET "/" for ::1 at 2024-10-21 16:20:33 -0700
Processing by PagesController#home as HTML
  Rendering layout layouts/application.html.erb
  Rendering pages/home.html.erb within layouts/application
  Rendered pages/home.html.erb within layouts/application (Duration: 2.2ms | Allocations: 1572)
  Rendered layout layouts/application.html.erb (Duration: 94.2ms | Allocations: 12113)
Completed 500 Internal Server Error in 95ms (ActiveRecord: 0.0ms | Allocations: 12382)


  
ActionView::Template::Error (Error: Undefined variable: "$font-stack".
        on line 25:16 of app/assets/stylesheets/base/components/_global.scss
        from line 2:9 of app/assets/stylesheets/base/materialize.scss
        from line 1:9 of app/assets/stylesheets/base/globals.scss
        from line 15:9 of app/assets/stylesheets/application.scss
>>   font-family: $font-stack;

   ---------------^
):
     6:     <%= csrf_meta_tags %>
     7:     <%= csp_meta_tag %>
     8: 
     9:     <%= stylesheet_link_tag "application", "data-turbo-track": "reload" %>
    10:     <%= javascript_importmap_tags %>
    11:     <link rel="preconnect" href="https://fonts.googleapis.com" />
    12:     <link rel="preconnect" href="https://fonts.gstatic.com" />
  
app/views/layouts/application.html.erb:9
Started GET "/" for ::1 at 2024-10-21 16:21:24 -0700
Processing by PagesController#home as HTML
  Rendering layout layouts/application.html.erb
  Rendering pages/home.html.erb within layouts/application
  Rendered pages/home.html.erb within layouts/application (Duration: 2.6ms | Allocations: 1580)
  Rendered layout layouts/application.html.erb (Duration: 80.5ms | Allocations: 11484)
Completed 500 Internal Server Error in 81ms (ActiveRecord: 0.0ms | Allocations: 11724)


  
ActionView::Template::Error (Error: Undefined variable: "$font-stack".
        on line 25:16 of app/assets/stylesheets/base/components/_global.scss
        from line 2:9 of app/assets/stylesheets/base/materialize.scss
        from line 1:9 of app/assets/stylesheets/base/globals.scss
        from line 15:9 of app/assets/stylesheets/application.scss
>>   font-family: $font-stack;

   ---------------^
):
     6:     <%= csrf_meta_tags %>
     7:     <%= csp_meta_tag %>
     8: 
     9:     <%= stylesheet_link_tag "application", "data-turbo-track": "reload" %>
    10:     <%= javascript_importmap_tags %>
    11:     <link rel="preconnect" href="https://fonts.googleapis.com" />
    12:     <link rel="preconnect" href="https://fonts.gstatic.com" />
  
app/views/layouts/application.html.erb:9
Started GET "/" for ::1 at 2024-10-21 16:21:59 -0700
Processing by PagesController#home as HTML
  Rendering layout layouts/application.html.erb
  Rendering pages/home.html.erb within layouts/application
  Rendered pages/home.html.erb within layouts/application (Duration: 6.7ms | Allocations: 1580)
  Rendered layout layouts/application.html.erb (Duration: 97.9ms | Allocations: 13429)
Completed 500 Internal Server Error in 101ms (ActiveRecord: 0.0ms | Allocations: 13669)


  
ActionView::Template::Error (Error: Undefined variable: "$font-stack".
        on line 25:16 of app/assets/stylesheets/base/components/_global.scss
        from line 2:9 of app/assets/stylesheets/base/materialize.scss
        from line 1:9 of app/assets/stylesheets/base/globals.scss
        from line 15:9 of app/assets/stylesheets/application.scss
>>   font-family: $font-stack;

   ---------------^
):
     6:     <%= csrf_meta_tags %>
     7:     <%= csp_meta_tag %>
     8: 
     9:     <%= stylesheet_link_tag "application", "data-turbo-track": "reload" %>
    10:     <%= javascript_importmap_tags %>
    11:     <link rel="preconnect" href="https://fonts.googleapis.com" />
    12:     <link rel="preconnect" href="https://fonts.gstatic.com" />
  
app/views/layouts/application.html.erb:9
Started GET "/" for ::1 at 2024-10-21 16:22:21 -0700
Processing by PagesController#home as HTML
  Rendering layout layouts/application.html.erb
  Rendering pages/home.html.erb within layouts/application
  Rendered pages/home.html.erb within layouts/application (Duration: 9.7ms | Allocations: 1581)
  Rendered layout layouts/application.html.erb (Duration: 256.7ms | Allocations: 23836)
Completed 200 OK in 258ms (Views: 257.3ms | ActiveRecord: 0.0ms | Allocations: 24075)


Started GET "/" for ::1 at 2024-10-21 16:22:32 -0700
Processing by PagesController#home as HTML
  Rendering layout layouts/application.html.erb
  Rendering pages/home.html.erb within layouts/application
  Rendered pages/home.html.erb within layouts/application (Duration: 4.0ms | Allocations: 1577)
  Rendered layout layouts/application.html.erb (Duration: 9.0ms | Allocations: 4395)
Completed 200 OK in 10ms (Views: 9.6ms | ActiveRecord: 0.0ms | Allocations: 4637)


Started GET "/" for ::1 at 2024-10-21 16:22:36 -0700
Processing by PagesController#home as HTML
  Rendering layout layouts/application.html.erb
  Rendering pages/home.html.erb within layouts/application
  Rendered pages/home.html.erb within layouts/application (Duration: 3.8ms | Allocations: 1572)
  Rendered layout layouts/application.html.erb (Duration: 8.4ms | Allocations: 4405)
Completed 200 OK in 10ms (Views: 9.2ms | ActiveRecord: 0.0ms | Allocations: 4643)


Started GET "/" for ::1 at 2024-10-21 16:22:41 -0700
Processing by PagesController#home as HTML
  Rendering layout layouts/application.html.erb
  Rendering pages/home.html.erb within layouts/application
  Rendered pages/home.html.erb within layouts/application (Duration: 3.6ms | Allocations: 1572)
  Rendered layout layouts/application.html.erb (Duration: 8.7ms | Allocations: 4393)
Completed 200 OK in 10ms (Views: 9.5ms | ActiveRecord: 0.0ms | Allocations: 4631)


Started GET "/" for ::1 at 2024-10-21 16:22:46 -0700
Processing by PagesController#home as HTML
  Rendering layout layouts/application.html.erb
  Rendering pages/home.html.erb within layouts/application
  Rendered pages/home.html.erb within layouts/application (Duration: 3.7ms | Allocations: 1573)
  Rendered layout layouts/application.html.erb (Duration: 12.7ms | Allocations: 4395)
Completed 200 OK in 14ms (Views: 13.5ms | ActiveRecord: 0.0ms | Allocations: 4634)


Started GET "/" for ::1 at 2024-10-21 16:22:53 -0700
Processing by PagesController#home as HTML
  Rendering layout layouts/application.html.erb
  Rendering pages/home.html.erb within layouts/application
  Rendered pages/home.html.erb within layouts/application (Duration: 5.0ms | Allocations: 1580)
  Rendered layout layouts/application.html.erb (Duration: 10.6ms | Allocations: 4395)
Completed 200 OK in 12ms (Views: 11.4ms | ActiveRecord: 0.0ms | Allocations: 4633)


Started GET "/" for ::1 at 2024-10-21 16:22:54 -0700
Processing by PagesController#home as HTML
  Rendering layout layouts/application.html.erb
  Rendering pages/home.html.erb within layouts/application
  Rendered pages/home.html.erb within layouts/application (Duration: 3.5ms | Allocations: 1577)
  Rendered layout layouts/application.html.erb (Duration: 7.8ms | Allocations: 4402)
Completed 200 OK in 9ms (Views: 8.4ms | ActiveRecord: 0.0ms | Allocations: 4640)


Started GET "/" for ::1 at 2024-10-21 16:23:03 -0700
  [1m[36mActiveRecord::SchemaMigration Load (0.0ms)[0m  [1m[34mSELECT "schema_migrations"."version" FROM "schema_migrations" ORDER BY "schema_migrations"."version" ASC[0m
Processing by PagesController#home as HTML
  Rendering layout layouts/application.html.erb
  Rendering pages/home.html.erb within layouts/application
  Rendered pages/home.html.erb within layouts/application (Duration: 52.1ms | Allocations: 31797)
  Rendered layout layouts/application.html.erb (Duration: 59.9ms | Allocations: 49180)
Completed 200 OK in 65ms (Views: 61.5ms | ActiveRecord: 0.0ms | Allocations: 53271)


Started GET "/" for ::1 at 2024-10-21 16:23:16 -0700
Processing by PagesController#home as HTML
  Rendering layout layouts/application.html.erb
  Rendering pages/home.html.erb within layouts/application
  Rendered pages/home.html.erb within layouts/application (Duration: 6.2ms | Allocations: 1576)
  Rendered layout layouts/application.html.erb (Duration: 10.9ms | Allocations: 4399)
Completed 200 OK in 13ms (Views: 11.8ms | ActiveRecord: 0.0ms | Allocations: 4642)


Started GET "/" for ::1 at 2024-10-21 16:23:27 -0700
Processing by PagesController#home as HTML
  Rendering layout layouts/application.html.erb
  Rendering pages/home.html.erb within layouts/application
  Rendered pages/home.html.erb within layouts/application (Duration: 3.2ms | Allocations: 1572)
  Rendered layout layouts/application.html.erb (Duration: 9.1ms | Allocations: 4396)
Completed 200 OK in 11ms (Views: 9.8ms | ActiveRecord: 0.0ms | Allocations: 4638)


Started GET "/" for ::1 at 2024-10-21 16:23:32 -0700
Processing by PagesController#home as HTML
  Rendering layout layouts/application.html.erb
  Rendering pages/home.html.erb within layouts/application
  Rendered pages/home.html.erb within layouts/application (Duration: 3.5ms | Allocations: 1572)
  Rendered layout layouts/application.html.erb (Duration: 12.9ms | Allocations: 4698)
Completed 200 OK in 14ms (Views: 13.7ms | ActiveRecord: 0.0ms | Allocations: 4940)


Started GET "/" for ::1 at 2024-10-21 16:23:55 -0700
Processing by PagesController#home as HTML
  Rendering layout layouts/application.html.erb
  Rendering pages/home.html.erb within layouts/application
  Rendered pages/home.html.erb within layouts/application (Duration: 4.6ms | Allocations: 1572)
  Rendered layout layouts/application.html.erb (Duration: 112.9ms | Allocations: 16884)
Completed 500 Internal Server Error in 115ms (ActiveRecord: 0.0ms | Allocations: 17153)


  
ActionView::Template::Error (Error: Undefined variable: "$font-stack".
        on line 25:16 of app/assets/stylesheets/base/components/_global.scss
        from line 4:9 of app/assets/stylesheets/base/materialize.scss
        from line 1:9 of app/assets/stylesheets/base/globals.scss
        from line 15:9 of app/assets/stylesheets/application.scss
>>   font-family: $font-stack;

   ---------------^
):
     6:     <%= csrf_meta_tags %>
     7:     <%= csp_meta_tag %>
     8: 
     9:     <%= stylesheet_link_tag "application", "data-turbo-track": "reload" %>
    10:     <%= javascript_importmap_tags %>
    11:     <link rel="preconnect" href="https://fonts.googleapis.com" />
    12:     <link rel="preconnect" href="https://fonts.gstatic.com" />
  
app/views/layouts/application.html.erb:9
Started GET "/" for ::1 at 2024-10-21 16:24:13 -0700
Processing by PagesController#home as HTML
  Rendering layout layouts/application.html.erb
  Rendering pages/home.html.erb within layouts/application
  Rendered pages/home.html.erb within layouts/application (Duration: 4.4ms | Allocations: 1580)
  Rendered layout layouts/application.html.erb (Duration: 285.9ms | Allocations: 28029)
Completed 200 OK in 287ms (Views: 286.5ms | ActiveRecord: 0.0ms | Allocations: 28267)


Started GET "/" for ::1 at 2024-10-21 16:24:56 -0700
Processing by PagesController#home as HTML
  Rendering layout layouts/application.html.erb
  Rendering pages/home.html.erb within layouts/application
  Rendered pages/home.html.erb within layouts/application (Duration: 10.3ms | Allocations: 1580)
Started GET "/" for ::1 at 2024-10-21 16:24:56 -0700
Processing by PagesController#home as HTML
  Rendering layout layouts/application.html.erb
  Rendering pages/home.html.erb within layouts/application
  Rendered pages/home.html.erb within layouts/application (Duration: 7.9ms | Allocations: 1952)
  Rendered layout layouts/application.html.erb (Duration: 326.4ms | Allocations: 40429)
Completed 200 OK in 329ms (Views: 327.6ms | ActiveRecord: 0.0ms | Allocations: 40673)


  Rendered layout layouts/application.html.erb (Duration: 419.6ms | Allocations: 45085)
Completed 200 OK in 420ms (Views: 419.8ms | ActiveRecord: 0.0ms | Allocations: 45434)


Started GET "/" for ::1 at 2024-10-21 16:25:45 -0700
Processing by PagesController#home as HTML
  Rendering layout layouts/application.html.erb
  Rendering pages/home.html.erb within layouts/application
  Rendered pages/home.html.erb within layouts/application (Duration: 5.7ms | Allocations: 1579)
  Rendered layout layouts/application.html.erb (Duration: 292.2ms | Allocations: 28570)
Completed 200 OK in 294ms (Views: 292.8ms | ActiveRecord: 0.0ms | Allocations: 28808)


Started GET "/" for ::1 at 2024-10-21 16:26:01 -0700
Processing by PagesController#home as HTML
  Rendering layout layouts/application.html.erb
  Rendering pages/home.html.erb within layouts/application
  Rendered pages/home.html.erb within layouts/application (Duration: 9.1ms | Allocations: 1580)
  Rendered layout layouts/application.html.erb (Duration: 289.9ms | Allocations: 28580)
Completed 200 OK in 292ms (Views: 290.8ms | ActiveRecord: 0.0ms | Allocations: 28818)


Started GET "/" for ::1 at 2024-10-21 16:26:12 -0700
Processing by PagesController#home as HTML
  Rendering layout layouts/application.html.erb
  Rendering pages/home.html.erb within layouts/application
  Rendered pages/home.html.erb within layouts/application (Duration: 4.7ms | Allocations: 1580)
  Rendered layout layouts/application.html.erb (Duration: 287.6ms | Allocations: 28568)
Completed 200 OK in 289ms (Views: 288.1ms | ActiveRecord: 0.0ms | Allocations: 28806)


Started GET "/" for ::1 at 2024-10-21 16:27:40 -0700
Processing by PagesController#home as HTML
  Rendering layout layouts/application.html.erb
  Rendering pages/home.html.erb within layouts/application
  Rendered pages/home.html.erb within layouts/application (Duration: 1.5ms | Allocations: 1877)
  Rendered layout layouts/application.html.erb (Duration: 10.8ms | Allocations: 18034)
Completed 200 OK in 12ms (Views: 11.5ms | ActiveRecord: 0.0ms | Allocations: 18931)


Started GET "/" for ::1 at 2024-10-21 16:27:49 -0700
Processing by PagesController#home as HTML
  Rendering layout layouts/application.html.erb
  Rendering pages/home.html.erb within layouts/application
  Rendered pages/home.html.erb within layouts/application (Duration: 9.3ms | Allocations: 1572)
  Rendered layout layouts/application.html.erb (Duration: 16.0ms | Allocations: 4444)
Completed 200 OK in 19ms (Views: 17.7ms | ActiveRecord: 0.0ms | Allocations: 4682)


Started GET "/" for ::1 at 2024-10-21 16:28:27 -0700
Processing by PagesController#home as HTML
  Rendering layout layouts/application.html.erb
  Rendering pages/home.html.erb within layouts/application
  Rendered pages/home.html.erb within layouts/application (Duration: 4.7ms | Allocations: 1572)
  Rendered layout layouts/application.html.erb (Duration: 290.7ms | Allocations: 28583)
Completed 200 OK in 292ms (Views: 291.4ms | ActiveRecord: 0.0ms | Allocations: 28821)


Started GET "/" for ::1 at 2024-10-21 16:28:44 -0700
Processing by PagesController#home as HTML
  Rendering layout layouts/application.html.erb
  Rendering pages/home.html.erb within layouts/application
  Rendered pages/home.html.erb within layouts/application (Duration: 1.7ms | Allocations: 1877)
  Rendered layout layouts/application.html.erb (Duration: 10.5ms | Allocations: 18010)
Completed 200 OK in 12ms (Views: 11.1ms | ActiveRecord: 0.0ms | Allocations: 18907)


Started GET "/" for ::1 at 2024-10-21 16:33:14 -0700
Processing by PagesController#home as HTML
  Rendering layout layouts/application.html.erb
  Rendering pages/home.html.erb within layouts/application
  Rendered pages/home.html.erb within layouts/application (Duration: 1.8ms | Allocations: 1875)
  Rendered layout layouts/application.html.erb (Duration: 9.8ms | Allocations: 8131)
Completed 500 Internal Server Error in 11ms (ActiveRecord: 0.0ms | Allocations: 9024)


  
ActionView::Template::Error (Error: File to import not found or unreadable: materialize.scss.
        on line 1:1 of app/assets/stylesheets/base/globals.scss
        from line 15:1 of app/assets/stylesheets/application.scss
>> @import 'materialize.scss';

   ^
):
     7:     <%= csp_meta_tag %>
     8: 
     9:     <link rel="stylesheet" href="https://cdnjs.cloudflare.com/ajax/libs/materialize/1.0.0/css/materialize.min.css">
    10:     <%= stylesheet_link_tag "application", "data-turbo-track": "reload" %>
    11:     <%= javascript_importmap_tags %>
    12:     <link rel="preconnect" href="https://fonts.googleapis.com" />
    13:     <link rel="preconnect" href="https://fonts.gstatic.com" />
  
app/views/layouts/application.html.erb:10
Started GET "/" for ::1 at 2024-10-21 16:33:29 -0700
Processing by PagesController#home as HTML
  Rendering layout layouts/application.html.erb
  Rendering pages/home.html.erb within layouts/application
  Rendered pages/home.html.erb within layouts/application (Duration: 4.2ms | Allocations: 1580)
  Rendered layout layouts/application.html.erb (Duration: 74.3ms | Allocations: 23860)
Completed 200 OK in 76ms (Views: 75.0ms | ActiveRecord: 0.0ms | Allocations: 24106)


Started GET "/" for ::1 at 2024-10-21 16:33:40 -0700
Processing by PagesController#home as HTML
  Rendering layout layouts/application.html.erb
  Rendering pages/home.html.erb within layouts/application
  Rendered pages/home.html.erb within layouts/application (Duration: 1.7ms | Allocations: 1875)
  Rendered layout layouts/application.html.erb (Duration: 7.6ms | Allocations: 16379)
Completed 200 OK in 9ms (Views: 8.3ms | ActiveRecord: 0.0ms | Allocations: 17276)


  [1m[36mActiveRecord::InternalMetadata Load (0.2ms)[0m  [1m[34mSELECT * FROM "ar_internal_metadata" WHERE "ar_internal_metadata"."key" = ? ORDER BY "ar_internal_metadata"."key" ASC LIMIT 1[0m  [[nil, "environment"]]
  [1m[36mActiveRecord::InternalMetadata Create (0.2ms)[0m  [1m[32mINSERT INTO "ar_internal_metadata" ("key", "value", "created_at", "updated_at") VALUES ('environment', 'development', '2024-10-22 21:15:58.211580', '2024-10-22 21:15:58.211581') RETURNING "key"[0m
  [1m[36mActiveRecord::SchemaMigration Load (0.0ms)[0m  [1m[34mSELECT "schema_migrations"."version" FROM "schema_migrations" ORDER BY "schema_migrations"."version" ASC[0m
Migrating to CreateArticles (20241022211308)
  [1m[36mTRANSACTION (0.0ms)[0m  [1m[36mbegin transaction[0m
  [1m[35m (0.4ms)[0m  [1m[35mCREATE TABLE "articles" ("id" integer PRIMARY KEY AUTOINCREMENT NOT NULL, "title" varchar, "description" text, "created_at" datetime(6) NOT NULL, "updated_at" datetime(6) NOT NULL)[0m
  [1m[36mActiveRecord::SchemaMigration Create (0.0ms)[0m  [1m[32mINSERT INTO "schema_migrations" ("version") VALUES ('20241022211308') RETURNING "version"[0m
  [1m[36mTRANSACTION (0.1ms)[0m  [1m[36mcommit transaction[0m
  [1m[36mActiveRecord::SchemaMigration Load (0.0ms)[0m  [1m[34mSELECT "schema_migrations"."version" FROM "schema_migrations" ORDER BY "schema_migrations"."version" ASC[0m
Started GET "/" for ::1 at 2024-10-23 13:48:22 -0700
  [1m[36mActiveRecord::SchemaMigration Load (0.2ms)[0m  [1m[34mSELECT "schema_migrations"."version" FROM "schema_migrations" ORDER BY "schema_migrations"."version" ASC[0m
Processing by PagesController#home as HTML
  Rendering layout layouts/application.html.erb
  Rendering pages/home.html.erb within layouts/application
  Rendered pages/home.html.erb within layouts/application (Duration: 95.5ms | Allocations: 29976)
  Rendered layout layouts/application.html.erb (Duration: 103.9ms | Allocations: 45778)
Completed 200 OK in 109ms (Views: 105.5ms | ActiveRecord: 0.0ms | Allocations: 49869)


Started GET "/" for ::1 at 2024-10-23 13:54:14 -0700
Processing by PagesController#home as HTML
  Rendering layout layouts/application.html.erb
  Rendering pages/home.html.erb within layouts/application
  Rendered pages/home.html.erb within layouts/application (Duration: 5.2ms | Allocations: 1875)
  Rendered layout layouts/application.html.erb (Duration: 15.3ms | Allocations: 16362)
Completed 200 OK in 17ms (Views: 16.0ms | ActiveRecord: 0.0ms | Allocations: 17261)


Started GET "/articles" for ::1 at 2024-10-23 13:54:17 -0700
Processing by ArticlesController#index as HTML
  Rendering layout layouts/application.html.erb
  Rendering articles/index.html.erb within layouts/application
  Rendered articles/index.html.erb within layouts/application (Duration: 0.3ms | Allocations: 96)
  Rendered layout layouts/application.html.erb (Duration: 2.5ms | Allocations: 1587)
Completed 200 OK in 23ms (Views: 3.6ms | ActiveRecord: 0.0ms | Allocations: 8095)


Started GET "/articles" for ::1 at 2024-10-23 13:54:47 -0700
Processing by ArticlesController#index as HTML
  Rendering layout layouts/application.html.erb
  Rendering articles/index.html.erb within layouts/application
  Rendered articles/index.html.erb within layouts/application (Duration: 0.1ms | Allocations: 94)
  Rendered layout layouts/application.html.erb (Duration: 6.3ms | Allocations: 15989)
Completed 500 Internal Server Error in 8ms (ActiveRecord: 0.0ms | Allocations: 17705)


  
ActionView::Template::Error (undefined local variable or method `categories_path' for #<ActionView::Base:0x000000000126b0>):
    22:       <div class="nav-wrapper">
    23:         <a href="#" class="brand-logo">Home</a>
    24:         <ul id="nav-mobile" class="right hide-on-med-and-down">
    25:           <li><%= link_to "View categories", categories_path, class: "dropdown-item" %></li>
    26:       </ul>
    27:     </div>
    28:     </nav>
  
app/views/layouts/application.html.erb:25
Started GET "/articles" for ::1 at 2024-10-23 13:55:02 -0700
Processing by ArticlesController#index as HTML
  Rendering layout layouts/application.html.erb
  Rendering articles/index.html.erb within layouts/application
  Rendered articles/index.html.erb within layouts/application (Duration: 0.1ms | Allocations: 96)
  Rendered layout layouts/application.html.erb (Duration: 4.9ms | Allocations: 14853)
Completed 200 OK in 7ms (Views: 5.7ms | ActiveRecord: 0.0ms | Allocations: 16564)


Started GET "/articles" for ::1 at 2024-10-23 13:55:05 -0700
Processing by ArticlesController#index as HTML
  Rendering layout layouts/application.html.erb
  Rendering articles/index.html.erb within layouts/application
  Rendered articles/index.html.erb within layouts/application (Duration: 0.1ms | Allocations: 7)
  Rendered layout layouts/application.html.erb (Duration: 4.0ms | Allocations: 1435)
Completed 200 OK in 6ms (Views: 4.7ms | ActiveRecord: 0.0ms | Allocations: 1691)


Started GET "/articles" for ::1 at 2024-10-23 13:55:43 -0700
Processing by ArticlesController#index as HTML
  Rendering layout layouts/application.html.erb
  Rendering articles/index.html.erb within layouts/application
  Rendered articles/index.html.erb within layouts/application (Duration: 0.1ms | Allocations: 94)
  Rendered layout layouts/application.html.erb (Duration: 7.3ms | Allocations: 14786)
Completed 200 OK in 9ms (Views: 7.9ms | ActiveRecord: 0.0ms | Allocations: 16493)


Started GET "/" for ::1 at 2024-10-23 13:55:44 -0700
Processing by PagesController#home as HTML
  Rendering layout layouts/application.html.erb
  Rendering pages/home.html.erb within layouts/application
  Rendered pages/home.html.erb within layouts/application (Duration: 4.6ms | Allocations: 1842)
  Rendered layout layouts/application.html.erb (Duration: 6.5ms | Allocations: 3106)
Completed 200 OK in 9ms (Views: 7.7ms | ActiveRecord: 0.0ms | Allocations: 3549)


Started GET "/articles" for ::1 at 2024-10-23 13:55:46 -0700
Processing by ArticlesController#index as HTML
  Rendering layout layouts/application.html.erb
  Rendering articles/index.html.erb within layouts/application
  Rendered articles/index.html.erb within layouts/application (Duration: 0.1ms | Allocations: 7)
  Rendered layout layouts/application.html.erb (Duration: 4.0ms | Allocations: 1447)
Completed 200 OK in 5ms (Views: 4.6ms | ActiveRecord: 0.0ms | Allocations: 1699)


Started GET "/articles" for ::1 at 2024-10-23 13:55:52 -0700
Processing by ArticlesController#index as HTML
  Rendering layout layouts/application.html.erb
  Rendering articles/index.html.erb within layouts/application
  Rendered articles/index.html.erb within layouts/application (Duration: 0.1ms | Allocations: 98)
  Rendered layout layouts/application.html.erb (Duration: 4.9ms | Allocations: 14899)
Completed 200 OK in 7ms (Views: 5.5ms | ActiveRecord: 0.0ms | Allocations: 16609)


Started GET "/" for ::1 at 2024-10-23 13:55:53 -0700
Processing by PagesController#home as HTML
  Rendering layout layouts/application.html.erb
  Rendering pages/home.html.erb within layouts/application
  Rendered pages/home.html.erb within layouts/application (Duration: 4.4ms | Allocations: 1842)
  Rendered layout layouts/application.html.erb (Duration: 7.5ms | Allocations: 3094)
Completed 200 OK in 10ms (Views: 8.7ms | ActiveRecord: 0.0ms | Allocations: 3537)


Started GET "/articles" for ::1 at 2024-10-23 13:55:56 -0700
Processing by ArticlesController#index as HTML
  Rendering layout layouts/application.html.erb
  Rendering articles/index.html.erb within layouts/application
  Rendered articles/index.html.erb within layouts/application (Duration: 0.1ms | Allocations: 7)
  Rendered layout layouts/application.html.erb (Duration: 4.9ms | Allocations: 1459)
Completed 200 OK in 7ms (Views: 5.6ms | ActiveRecord: 0.0ms | Allocations: 1711)


Started GET "/" for ::1 at 2024-10-23 13:55:57 -0700
Processing by PagesController#home as HTML
  Rendering layout layouts/application.html.erb
  Rendering pages/home.html.erb within layouts/application
  Rendered pages/home.html.erb within layouts/application (Duration: 2.2ms | Allocations: 1578)
  Rendered layout layouts/application.html.erb (Duration: 4.1ms | Allocations: 2795)
Completed 200 OK in 6ms (Views: 4.5ms | ActiveRecord: 0.0ms | Allocations: 3033)


Started GET "/articles" for ::1 at 2024-10-23 13:55:59 -0700
Processing by ArticlesController#index as HTML
  Rendering layout layouts/application.html.erb
  Rendering articles/index.html.erb within layouts/application
  Rendered articles/index.html.erb within layouts/application (Duration: 0.1ms | Allocations: 7)
  Rendered layout layouts/application.html.erb (Duration: 4.5ms | Allocations: 1453)
Completed 200 OK in 6ms (Views: 5.2ms | ActiveRecord: 0.0ms | Allocations: 1705)


Started GET "/" for ::1 at 2024-10-23 13:56:05 -0700
Processing by PagesController#home as HTML
  Rendering layout layouts/application.html.erb
  Rendering pages/home.html.erb within layouts/application
  Rendered pages/home.html.erb within layouts/application (Duration: 3.1ms | Allocations: 1578)
  Rendered layout layouts/application.html.erb (Duration: 5.8ms | Allocations: 2843)
Completed 200 OK in 7ms (Views: 6.5ms | ActiveRecord: 0.0ms | Allocations: 3082)


Started GET "/articles" for ::1 at 2024-10-23 13:56:07 -0700
Processing by ArticlesController#index as HTML
  Rendering layout layouts/application.html.erb
  Rendering articles/index.html.erb within layouts/application
  Rendered articles/index.html.erb within layouts/application (Duration: 0.1ms | Allocations: 7)
  Rendered layout layouts/application.html.erb (Duration: 5.0ms | Allocations: 1462)
Completed 200 OK in 7ms (Views: 5.7ms | ActiveRecord: 0.0ms | Allocations: 1714)


Started GET "/" for ::1 at 2024-10-23 13:56:11 -0700
Processing by PagesController#home as HTML
  Rendering layout layouts/application.html.erb
  Rendering pages/home.html.erb within layouts/application
  Rendered pages/home.html.erb within layouts/application (Duration: 3.1ms | Allocations: 1578)
  Rendered layout layouts/application.html.erb (Duration: 5.1ms | Allocations: 2798)
Completed 200 OK in 6ms (Views: 5.7ms | ActiveRecord: 0.0ms | Allocations: 3036)


Started GET "/articles" for ::1 at 2024-10-23 13:56:16 -0700
Processing by ArticlesController#index as HTML
  Rendering layout layouts/application.html.erb
  Rendering articles/index.html.erb within layouts/application
  Rendered articles/index.html.erb within layouts/application (Duration: 0.1ms | Allocations: 7)
  Rendered layout layouts/application.html.erb (Duration: 3.1ms | Allocations: 1453)
Completed 200 OK in 5ms (Views: 3.9ms | ActiveRecord: 0.0ms | Allocations: 1705)


Started GET "/articles" for ::1 at 2024-10-23 14:07:03 -0700
Processing by ArticlesController#index as HTML
  Rendering layout layouts/application.html.erb
  Rendering articles/index.html.erb within layouts/application
  Rendered articles/index.html.erb within layouts/application (Duration: 0.1ms | Allocations: 98)
  Rendered layouts/_nav.html.erb (Duration: 0.3ms | Allocations: 228)
  Rendered layout layouts/application.html.erb (Duration: 8.4ms | Allocations: 15151)
Completed 200 OK in 11ms (Views: 9.0ms | ActiveRecord: 0.0ms | Allocations: 16861)


Started GET "/articles" for ::1 at 2024-10-23 14:10:05 -0700
Processing by ArticlesController#index as HTML
  Rendering layout layouts/application.html.erb
  Rendering articles/index.html.erb within layouts/application
  Rendered articles/index.html.erb within layouts/application (Duration: 0.2ms | Allocations: 94)
  Rendered layouts/_nav.html.erb (Duration: 0.2ms | Allocations: 228)
  Rendered layout layouts/application.html.erb (Duration: 9.3ms | Allocations: 15017)
Completed 200 OK in 12ms (Views: 10.1ms | ActiveRecord: 0.0ms | Allocations: 16722)


Started GET "/articles" for ::1 at 2024-10-23 14:10:11 -0700
Processing by ArticlesController#index as HTML
  Rendering layout layouts/application.html.erb
  Rendering articles/index.html.erb within layouts/application
  Rendered articles/index.html.erb within layouts/application (Duration: 0.1ms | Allocations: 96)
  Rendered layouts/_nav.html.erb (Duration: 0.2ms | Allocations: 179)
  Rendered layout layouts/application.html.erb (Duration: 6.4ms | Allocations: 15097)
Completed 200 OK in 8ms (Views: 7.0ms | ActiveRecord: 0.0ms | Allocations: 16807)


Started GET "/articles" for ::1 at 2024-10-23 14:10:32 -0700
Processing by ArticlesController#index as HTML
  Rendering layout layouts/application.html.erb
  Rendering articles/index.html.erb within layouts/application
  Rendered articles/index.html.erb within layouts/application (Duration: 0.1ms | Allocations: 94)
  Rendered layouts/_nav.html.erb (Duration: 0.2ms | Allocations: 179)
  Rendered layout layouts/application.html.erb (Duration: 5.8ms | Allocations: 14977)
Completed 200 OK in 8ms (Views: 6.6ms | ActiveRecord: 0.0ms | Allocations: 16682)


Started GET "/articles" for ::1 at 2024-10-23 14:11:10 -0700
Processing by ArticlesController#index as HTML
  Rendering layout layouts/application.html.erb
  Rendering articles/index.html.erb within layouts/application
  Rendered articles/index.html.erb within layouts/application (Duration: 0.1ms | Allocations: 98)
  Rendered layouts/_nav.html.erb (Duration: 0.2ms | Allocations: 178)
  Rendered layout layouts/application.html.erb (Duration: 7.8ms | Allocations: 15097)
Completed 200 OK in 10ms (Views: 8.4ms | ActiveRecord: 0.0ms | Allocations: 16807)


Started GET "/articles" for ::1 at 2024-10-23 14:11:27 -0700
Processing by ArticlesController#index as HTML
  Rendering layout layouts/application.html.erb
  Rendering articles/index.html.erb within layouts/application
  Rendered articles/index.html.erb within layouts/application (Duration: 0.1ms | Allocations: 94)
  Rendered layouts/_nav.html.erb (Duration: 0.2ms | Allocations: 179)
  Rendered layout layouts/application.html.erb (Duration: 6.3ms | Allocations: 14990)
Completed 200 OK in 8ms (Views: 6.9ms | ActiveRecord: 0.0ms | Allocations: 16694)


Started GET "/" for ::1 at 2024-10-23 14:11:29 -0700
Processing by PagesController#home as HTML
  Rendering layout layouts/application.html.erb
  Rendering pages/home.html.erb within layouts/application
  Rendered pages/home.html.erb within layouts/application (Duration: 13.0ms | Allocations: 1844)
  Rendered layouts/_nav.html.erb (Duration: 0.1ms | Allocations: 40)
  Rendered layout layouts/application.html.erb (Duration: 15.6ms | Allocations: 3174)
Completed 200 OK in 18ms (Views: 16.8ms | ActiveRecord: 0.0ms | Allocations: 3618)


Started GET "/articles" for ::1 at 2024-10-23 14:11:31 -0700
Processing by ArticlesController#index as HTML
  Rendering layout layouts/application.html.erb
  Rendering articles/index.html.erb within layouts/application
  Rendered articles/index.html.erb within layouts/application (Duration: 0.1ms | Allocations: 7)
  Rendered layouts/_nav.html.erb (Duration: 0.2ms | Allocations: 42)
  Rendered layout layouts/application.html.erb (Duration: 6.0ms | Allocations: 1504)
Completed 200 OK in 8ms (Views: 6.8ms | ActiveRecord: 0.0ms | Allocations: 1756)


Started GET "/" for ::1 at 2024-10-23 14:11:33 -0700
Processing by PagesController#home as HTML
  Rendering layout layouts/application.html.erb
  Rendering pages/home.html.erb within layouts/application
  Rendered pages/home.html.erb within layouts/application (Duration: 4.5ms | Allocations: 1579)
  Rendered layouts/_nav.html.erb (Duration: 0.2ms | Allocations: 34)
  Rendered layout layouts/application.html.erb (Duration: 6.8ms | Allocations: 2910)
Completed 200 OK in 8ms (Views: 7.5ms | ActiveRecord: 0.0ms | Allocations: 3148)


Started GET "/" for ::1 at 2024-10-23 14:12:28 -0700
Processing by PagesController#home as HTML
  Rendering layout layouts/application.html.erb
  Rendering pages/home.html.erb within layouts/application
  Rendered pages/home.html.erb within layouts/application (Duration: 4.3ms | Allocations: 1578)
  Rendered layouts/_nav.html.erb (Duration: 0.1ms | Allocations: 34)
  Rendered layout layouts/application.html.erb (Duration: 73.9ms | Allocations: 10186)
Completed 200 OK in 75ms (Views: 74.5ms | ActiveRecord: 0.0ms | Allocations: 10424)


Started GET "/" for ::1 at 2024-10-23 14:12:55 -0700
Processing by PagesController#home as HTML
  Rendering layout layouts/application.html.erb
  Rendering pages/home.html.erb within layouts/application
  Rendered pages/home.html.erb within layouts/application (Duration: 4.7ms | Allocations: 1578)
  Rendered layouts/_nav.html.erb (Duration: 0.1ms | Allocations: 34)
  Rendered layout layouts/application.html.erb (Duration: 67.3ms | Allocations: 8767)
Completed 200 OK in 69ms (Views: 67.8ms | ActiveRecord: 0.0ms | Allocations: 9005)


Started GET "/" for ::1 at 2024-10-23 14:13:05 -0700
Processing by PagesController#home as HTML
  Rendering layout layouts/application.html.erb
  Rendering pages/home.html.erb within layouts/application
  Rendered pages/home.html.erb within layouts/application (Duration: 4.1ms | Allocations: 1578)
  Rendered layouts/_nav.html.erb (Duration: 0.1ms | Allocations: 34)
  Rendered layout layouts/application.html.erb (Duration: 73.5ms | Allocations: 8782)
Completed 200 OK in 75ms (Views: 74.0ms | ActiveRecord: 0.0ms | Allocations: 9020)


Started GET "/" for ::1 at 2024-10-23 14:18:49 -0700
  [1m[36mActiveRecord::SchemaMigration Load (0.1ms)[0m  [1m[34mSELECT "schema_migrations"."version" FROM "schema_migrations" ORDER BY "schema_migrations"."version" ASC[0m
Processing by PagesController#home as HTML
  Rendering layout layouts/application.html.erb
  Rendering pages/home.html.erb within layouts/application
  Rendered pages/home.html.erb within layouts/application (Duration: 81.0ms | Allocations: 35840)
  Rendered layouts/_nav.html.erb (Duration: 0.2ms | Allocations: 214)
  Rendered layout layouts/application.html.erb (Duration: 88.2ms | Allocations: 51945)
Completed 200 OK in 93ms (Views: 89.8ms | ActiveRecord: 0.0ms | Allocations: 56031)


Started GET "/" for ::1 at 2024-10-23 14:18:58 -0700
Processing by PagesController#home as HTML
  Rendering layout layouts/application.html.erb
  Rendering pages/home.html.erb within layouts/application
  Rendered pages/home.html.erb within layouts/application (Duration: 3.8ms | Allocations: 1581)
  Rendered layouts/_nav.html.erb (Duration: 0.1ms | Allocations: 34)
  Rendered layout layouts/application.html.erb (Duration: 68.6ms | Allocations: 8782)
Completed 200 OK in 70ms (Views: 69.2ms | ActiveRecord: 0.0ms | Allocations: 9025)


Started GET "/articles" for ::1 at 2024-10-23 14:20:26 -0700
Processing by ArticlesController#index as HTML
  Rendering layout layouts/application.html.erb
  Rendering articles/index.html.erb within layouts/application
  Rendered articles/index.html.erb within layouts/application (Duration: 0.4ms | Allocations: 92)
  Rendered layouts/_nav.html.erb (Duration: 0.2ms | Allocations: 48)
  Rendered layout layouts/application.html.erb (Duration: 3.7ms | Allocations: 1575)
Completed 200 OK in 21ms (Views: 4.5ms | ActiveRecord: 0.0ms | Allocations: 8082)


Started GET "/articles/new" for ::1 at 2024-10-23 16:07:55 -0700
Processing by ArticlesController#new as HTML
  Rendering layout layouts/application.html.erb
  Rendering articles/new.html.erb within layouts/application
  Rendered articles/new.html.erb within layouts/application (Duration: 0.1ms | Allocations: 98)
  Rendered layouts/_nav.html.erb (Duration: 0.2ms | Allocations: 178)
  Rendered layout layouts/application.html.erb (Duration: 8.1ms | Allocations: 15119)
Completed 200 OK in 19ms (Views: 8.7ms | ActiveRecord: 7.1ms | Allocations: 22790)


Started GET "/articles/new" for ::1 at 2024-10-23 16:08:08 -0700
Processing by ArticlesController#new as HTML
  Rendering layout layouts/application.html.erb
  Rendering articles/new.html.erb within layouts/application
  Rendered articles/_form.html.erb (Duration: 3.9ms | Allocations: 2591)
  Rendered articles/new.html.erb within layouts/application (Duration: 4.3ms | Allocations: 2823)
  Rendered layouts/_nav.html.erb (Duration: 0.1ms | Allocations: 141)
  Rendered layout layouts/application.html.erb (Duration: 10.4ms | Allocations: 17604)
Completed 200 OK in 15ms (Views: 11.2ms | ActiveRecord: 1.1ms | Allocations: 22161)


Started POST "/articles" for ::1 at 2024-10-23 16:08:11 -0700
Processing by ArticlesController#create as HTML
  Parameters: {"authenticity_token"=>"[FILTERED]", "article"=>{"title"=>"", "description"=>""}, "commit"=>"Create Article"}
  Rendering layout layouts/application.html.erb
  Rendering articles/new.html.erb within layouts/application
  Rendered articles/_form.html.erb (Duration: 2.8ms | Allocations: 2509)
  Rendered articles/new.html.erb within layouts/application (Duration: 3.0ms | Allocations: 2572)
  Rendered layouts/_nav.html.erb (Duration: 0.1ms | Allocations: 28)
  Rendered layout layouts/application.html.erb (Duration: 5.1ms | Allocations: 3827)
Completed 200 OK in 12ms (Views: 5.9ms | ActiveRecord: 0.0ms | Allocations: 5264)


Started GET "/articles" for ::1 at 2024-10-23 16:08:21 -0700
Processing by ArticlesController#index as HTML
  Rendering layout layouts/application.html.erb
  Rendering articles/index.html.erb within layouts/application
  Rendered articles/index.html.erb within layouts/application (Duration: 0.7ms | Allocations: 90)
  Rendered layouts/_nav.html.erb (Duration: 0.2ms | Allocations: 42)
  Rendered layout layouts/application.html.erb (Duration: 4.3ms | Allocations: 1562)
Completed 200 OK in 7ms (Views: 4.9ms | ActiveRecord: 0.0ms | Allocations: 1915)


Started GET "/articles/new" for ::1 at 2024-10-23 16:08:26 -0700
Processing by ArticlesController#new as HTML
  Rendering layout layouts/application.html.erb
  Rendering articles/new.html.erb within layouts/application
  Rendered articles/_form.html.erb (Duration: 2.5ms | Allocations: 763)
  Rendered articles/new.html.erb within layouts/application (Duration: 2.7ms | Allocations: 826)
  Rendered layouts/_nav.html.erb (Duration: 0.1ms | Allocations: 28)
  Rendered layout layouts/application.html.erb (Duration: 5.8ms | Allocations: 2085)
Completed 200 OK in 8ms (Views: 6.5ms | ActiveRecord: 0.0ms | Allocations: 2343)


Started GET "/" for ::1 at 2024-10-23 16:55:18 -0700
Processing by PagesController#home as HTML
  Rendering layout layouts/application.html.erb
  Rendering pages/home.html.erb within layouts/application
  Rendered pages/home.html.erb within layouts/application (Duration: 5.4ms | Allocations: 1842)
  Rendered layouts/_nav.html.erb (Duration: 0.1ms | Allocations: 40)
  Rendered layout layouts/application.html.erb (Duration: 13.4ms | Allocations: 3100)
Completed 200 OK in 17ms (Views: 14.3ms | ActiveRecord: 0.0ms | Allocations: 3543)


Started GET "/articles/new" for ::1 at 2024-10-23 17:24:03 -0700
Processing by ArticlesController#new as HTML
  Rendering layout layouts/application.html.erb
  Rendering articles/new.html.erb within layouts/application
  Rendered articles/_form.html.erb (Duration: 14.2ms | Allocations: 775)
  Rendered articles/new.html.erb within layouts/application (Duration: 14.7ms | Allocations: 838)
  Rendered layouts/_nav.html.erb (Duration: 0.1ms | Allocations: 28)
  Rendered layout layouts/application.html.erb (Duration: 19.2ms | Allocations: 2097)
Completed 200 OK in 24ms (Views: 20.9ms | ActiveRecord: 0.0ms | Allocations: 2351)


Started GET "/articles/new" for ::1 at 2024-10-23 17:24:19 -0700
Processing by ArticlesController#new as HTML
  Rendering layout layouts/application.html.erb
  Rendering articles/new.html.erb within layouts/application
  Rendered articles/_form.html.erb (Duration: 2.8ms | Allocations: 793)
  Rendered articles/new.html.erb within layouts/application (Duration: 3.0ms | Allocations: 856)
  Rendered layouts/_nav.html.erb (Duration: 0.1ms | Allocations: 28)
  Rendered layout layouts/application.html.erb (Duration: 37.5ms | Allocations: 3661)
Completed 200 OK in 39ms (Views: 38.0ms | ActiveRecord: 0.0ms | Allocations: 3915)


Started GET "/articles/new" for ::1 at 2024-10-23 17:24:40 -0700
Processing by ArticlesController#new as HTML
  Rendering layout layouts/application.html.erb
  Rendering articles/new.html.erb within layouts/application
  Rendered articles/_form.html.erb (Duration: 3.0ms | Allocations: 781)
  Rendered articles/new.html.erb within layouts/application (Duration: 3.3ms | Allocations: 844)
  Rendered layouts/_nav.html.erb (Duration: 0.1ms | Allocations: 28)
  Rendered layout layouts/application.html.erb (Duration: 8.3ms | Allocations: 2157)
Completed 200 OK in 10ms (Views: 9.0ms | ActiveRecord: 0.0ms | Allocations: 2411)


